<?xml version="1.0" encoding="UTF-8"?>
<testng-results skipped="0" failed="0" ignored="0" total="1" passed="1">
  <reporter-output>
  </reporter-output>
  <suite name="Default suite" duration-ms="4747" started-at="2021-02-04T20:28:56 CET" finished-at="2021-02-04T20:29:01 CET">
    <groups>
    </groups>
    <test name="Default test" duration-ms="4747" started-at="2021-02-04T20:28:56 CET" finished-at="2021-02-04T20:29:01 CET">
      <class name="tests.demoTest">
        <test-method status="PASS" signature="demoTest()[pri:0, instance:tests.demoTest@6c49835d]" name="demoTest" duration-ms="4701" started-at="2021-02-04T20:28:56 CET" finished-at="2021-02-04T20:29:01 CET">
          <reporter-output>
          </reporter-output>
        </test-method> <!-- demoTest -->
      </class> <!-- tests.demoTest -->
    </test> <!-- Default test -->
  </suite> <!-- Default suite -->
</testng-results>
